\BOOKMARK [0][-]{chapter.1}{\376\377\000I\000n\000d\000i\000c\000e\000\040\000d\000e\000l\000l\000e\000\040\000s\000t\000r\000u\000t\000t\000u\000r\000e\000\040\000d\000a\000t\000i}{}
\BOOKMARK [1][-]{section.1.1}{\376\377\000S\000t\000r\000u\000t\000t\000u\000r\000e\000\040\000d\000a\000t\000i}{chapter.1}
\BOOKMARK [0][-]{chapter.2}{\376\377\000I\000n\000d\000i\000c\000e\000\040\000d\000e\000i\000\040\000f\000i\000l\000e}{}
\BOOKMARK [1][-]{section.2.1}{\376\377\000E\000l\000e\000n\000c\000o\000\040\000d\000e\000i\000\040\000f\000i\000l\000e}{chapter.2}
\BOOKMARK [0][-]{chapter.3}{\376\377\000D\000o\000c\000u\000m\000e\000n\000t\000a\000z\000i\000o\000n\000e\000\040\000d\000e\000l\000l\000e\000\040\000c\000l\000a\000s\000s\000i}{}
\BOOKMARK [1][-]{section.3.1}{\376\377\000R\000i\000f\000e\000r\000i\000m\000e\000n\000t\000i\000\040\000p\000e\000r\000\040\000l\000a\000\040\000s\000t\000r\000u\000c\000t\000\040\000b\000l\000o\000c\000k}{chapter.3}
\BOOKMARK [2][-]{subsection.3.1.1}{\376\377\000D\000e\000s\000c\000r\000i\000z\000i\000o\000n\000e\000\040\000d\000e\000t\000t\000a\000g\000l\000i\000a\000t\000a}{section.3.1}
\BOOKMARK [2][-]{subsection.3.1.2}{\376\377\000D\000o\000c\000u\000m\000e\000n\000t\000a\000z\000i\000o\000n\000e\000\040\000d\000e\000i\000\040\000c\000a\000m\000p\000i}{section.3.1}
\BOOKMARK [3][-]{subsubsection.3.1.2.1}{\376\377\000I\000D}{subsection.3.1.2}
\BOOKMARK [3][-]{subsubsection.3.1.2.2}{\376\377\000p\000o\000i\000n\000t\000e\000r}{subsection.3.1.2}
\BOOKMARK [3][-]{subsubsection.3.1.2.3}{\376\377\000b\000\137\000a\000c\000c}{subsection.3.1.2}
\BOOKMARK [3][-]{subsubsection.3.1.2.4}{\376\377\000c\000l\000\137\000p\000t\000r}{subsection.3.1.2}
\BOOKMARK [3][-]{subsubsection.3.1.2.5}{\376\377\000s\000u\000c\000c}{subsection.3.1.2}
\BOOKMARK [1][-]{section.3.2}{\376\377\000R\000i\000f\000e\000r\000i\000m\000e\000n\000t\000i\000\040\000p\000e\000r\000\040\000l\000a\000\040\000s\000t\000r\000u\000c\000t\000\040\000b\000l\000o\000c\000k\000\137\000l\000i\000s\000t}{chapter.3}
\BOOKMARK [2][-]{subsection.3.2.1}{\376\377\000D\000e\000s\000c\000r\000i\000z\000i\000o\000n\000e\000\040\000d\000e\000t\000t\000a\000g\000l\000i\000a\000t\000a}{section.3.2}
\BOOKMARK [2][-]{subsection.3.2.2}{\376\377\000D\000o\000c\000u\000m\000e\000n\000t\000a\000z\000i\000o\000n\000e\000\040\000d\000e\000i\000\040\000c\000a\000m\000p\000i}{section.3.2}
\BOOKMARK [3][-]{subsubsection.3.2.2.1}{\376\377\000I\000D}{subsection.3.2.2}
\BOOKMARK [3][-]{subsubsection.3.2.2.2}{\376\377\000p\000o\000i\000n\000t\000e\000r}{subsection.3.2.2}
\BOOKMARK [3][-]{subsubsection.3.2.2.3}{\376\377\000a\000s\000s\000o\000c\000i\000a\000t\000e\000d}{subsection.3.2.2}
\BOOKMARK [3][-]{subsubsection.3.2.2.4}{\376\377\000s\000u\000c\000c}{subsection.3.2.2}
\BOOKMARK [1][-]{section.3.3}{\376\377\000R\000i\000f\000e\000r\000i\000m\000e\000n\000t\000i\000\040\000p\000e\000r\000\040\000l\000a\000\040\000s\000t\000r\000u\000c\000t\000\040\000c\000l\000i\000e\000n\000t\000\137\000l\000i\000s\000t}{chapter.3}
\BOOKMARK [2][-]{subsection.3.3.1}{\376\377\000D\000e\000s\000c\000r\000i\000z\000i\000o\000n\000e\000\040\000d\000e\000t\000t\000a\000g\000l\000i\000a\000t\000a}{section.3.3}
\BOOKMARK [2][-]{subsection.3.3.2}{\376\377\000D\000o\000c\000u\000m\000e\000n\000t\000a\000z\000i\000o\000n\000e\000\040\000d\000e\000i\000\040\000c\000a\000m\000p\000i}{section.3.3}
\BOOKMARK [3][-]{subsubsection.3.3.2.1}{\376\377\000c\000l\000\137\000I\000D}{subsection.3.3.2}
\BOOKMARK [3][-]{subsubsection.3.3.2.2}{\376\377\000v\000a\000l\000i\000d}{subsection.3.3.2}
\BOOKMARK [3][-]{subsubsection.3.3.2.3}{\376\377\000l\000o\000c\000k}{subsection.3.3.2}
\BOOKMARK [3][-]{subsubsection.3.3.2.4}{\376\377\000s\000u\000c\000c}{subsection.3.3.2}
\BOOKMARK [1][-]{section.3.4}{\376\377\000R\000i\000f\000e\000r\000i\000m\000e\000n\000t\000i\000\040\000p\000e\000r\000\040\000l\000a\000\040\000c\000l\000a\000s\000s\000e\000\040\000L\000i\000b\000r\000a\000r\000y}{chapter.3}
\BOOKMARK [2][-]{subsection.3.4.1}{\376\377\000D\000e\000s\000c\000r\000i\000z\000i\000o\000n\000e\000\040\000d\000e\000t\000t\000a\000g\000l\000i\000a\000t\000a}{section.3.4}
\BOOKMARK [2][-]{subsection.3.4.2}{\376\377\000D\000o\000c\000u\000m\000e\000n\000t\000a\000z\000i\000o\000n\000e\000\040\000d\000e\000i\000\040\000c\000o\000s\000t\000r\000u\000t\000t\000o\000r\000i\000\040\000e\000\040\000d\000e\000i\000\040\000d\000i\000s\000t\000r\000u\000t\000t\000o\000r\000i}{section.3.4}
\BOOKMARK [3][-]{subsubsection.3.4.2.1}{\376\377\000L\000i\000b\000r\000a\000r\000y}{subsection.3.4.2}
\BOOKMARK [2][-]{subsection.3.4.3}{\376\377\000D\000o\000c\000u\000m\000e\000n\000t\000a\000z\000i\000o\000n\000e\000\040\000d\000e\000l\000l\000e\000\040\000f\000u\000n\000z\000i\000o\000n\000i\000\040\000m\000e\000m\000b\000r\000o}{section.3.4}
\BOOKMARK [3][-]{subsubsection.3.4.3.1}{\376\377\000f\000i\000n\000d\000\137\000s\000e\000r\000v\000e\000r}{subsection.3.4.3}
\BOOKMARK [3][-]{subsubsection.3.4.3.2}{\376\377\000f\000i\000n\000d\000\137\000b\000l\000o\000c\000k}{subsection.3.4.3}
\BOOKMARK [3][-]{subsubsection.3.4.3.3}{\376\377\000c\000r\000e\000a\000t\000e\000\137\000s\000o\000c\000k\000e\000t}{subsection.3.4.3}
\BOOKMARK [3][-]{subsubsection.3.4.3.4}{\376\377\000c\000l\000i\000e\000n\000t\000\137\000c\000o\000n\000n\000e\000c\000t}{subsection.3.4.3}
\BOOKMARK [3][-]{subsubsection.3.4.3.5}{\376\377\000r\000e\000a\000d\000\137\000c\000o\000n\000f\000i\000g\000\137\000f\000i\000l\000e}{subsection.3.4.3}
\BOOKMARK [3][-]{subsubsection.3.4.3.6}{\376\377\000d\000m\000\137\000i\000n\000i\000t}{subsection.3.4.3}
\BOOKMARK [3][-]{subsubsection.3.4.3.7}{\376\377\000d\000m\000\137\000b\000l\000o\000c\000k\000\137\000m\000a\000p}{subsection.3.4.3}
\BOOKMARK [3][-]{subsubsection.3.4.3.8}{\376\377\000d\000m\000\137\000b\000l\000o\000c\000k\000\137\000u\000n\000m\000a\000p}{subsection.3.4.3}
\BOOKMARK [3][-]{subsubsection.3.4.3.9}{\376\377\000d\000m\000\137\000b\000l\000o\000c\000k\000\137\000u\000p\000d\000a\000t\000e}{subsection.3.4.3}
\BOOKMARK [3][-]{subsubsection.3.4.3.10}{\376\377\000d\000m\000\137\000b\000l\000o\000c\000k\000\137\000w\000r\000i\000t\000e}{subsection.3.4.3}
\BOOKMARK [3][-]{subsubsection.3.4.3.11}{\376\377\000d\000m\000\137\000b\000l\000o\000c\000k\000\137\000w\000a\000i\000t}{subsection.3.4.3}
\BOOKMARK [2][-]{subsection.3.4.4}{\376\377\000D\000o\000c\000u\000m\000e\000n\000t\000a\000z\000i\000o\000n\000e\000\040\000d\000e\000i\000\040\000c\000a\000m\000p\000i}{section.3.4}
\BOOKMARK [3][-]{subsubsection.3.4.4.1}{\376\377\000h\000e\000a\000d}{subsection.3.4.4}
\BOOKMARK [1][-]{section.3.5}{\376\377\000R\000i\000f\000e\000r\000i\000m\000e\000n\000t\000i\000\040\000p\000e\000r\000\040\000l\000a\000\040\000c\000l\000a\000s\000s\000e\000\040\000S\000e\000r\000v\000e\000r}{chapter.3}
\BOOKMARK [2][-]{subsection.3.5.1}{\376\377\000D\000e\000s\000c\000r\000i\000z\000i\000o\000n\000e\000\040\000d\000e\000t\000t\000a\000g\000l\000i\000a\000t\000a}{section.3.5}
\BOOKMARK [2][-]{subsection.3.5.2}{\376\377\000D\000o\000c\000u\000m\000e\000n\000t\000a\000z\000i\000o\000n\000e\000\040\000d\000e\000i\000\040\000c\000o\000s\000t\000r\000u\000t\000t\000o\000r\000i\000\040\000e\000\040\000d\000e\000i\000\040\000d\000i\000s\000t\000r\000u\000t\000t\000o\000r\000i}{section.3.5}
\BOOKMARK [3][-]{subsubsection.3.5.2.1}{\376\377\000S\000e\000r\000v\000e\000r}{subsection.3.5.2}
\BOOKMARK [2][-]{subsection.3.5.3}{\376\377\000D\000o\000c\000u\000m\000e\000n\000t\000a\000z\000i\000o\000n\000e\000\040\000d\000e\000l\000l\000e\000\040\000f\000u\000n\000z\000i\000o\000n\000i\000\040\000m\000e\000m\000b\000r\000o}{section.3.5}
\BOOKMARK [3][-]{subsubsection.3.5.3.1}{\376\377\000a\000d\000d\000\137\000b\000l\000o\000c\000k}{subsection.3.5.3}
\BOOKMARK [3][-]{subsubsection.3.5.3.2}{\376\377\000f\000i\000n\000d\000\137\000b\000l\000o\000c\000k}{subsection.3.5.3}
\BOOKMARK [3][-]{subsubsection.3.5.3.3}{\376\377\000f\000i\000n\000d\000\137\000c\000l\000i\000e\000n\000t}{subsection.3.5.3}
\BOOKMARK [3][-]{subsubsection.3.5.3.4}{\376\377\000a\000d\000d\000\137\000c\000l\000i\000e\000n\000t}{subsection.3.5.3}
\BOOKMARK [3][-]{subsubsection.3.5.3.5}{\376\377\000d\000e\000l\000e\000t\000e\000\137\000c\000l\000i\000e\000n\000t}{subsection.3.5.3}
\BOOKMARK [3][-]{subsubsection.3.5.3.6}{\376\377\000c\000h\000a\000n\000g\000e\000\137\000v\000a\000l\000i\000d}{subsection.3.5.3}
\BOOKMARK [3][-]{subsubsection.3.5.3.7}{\376\377\000c\000l\000i\000e\000n\000t\000\137\000u\000n\000b\000l\000o\000c\000k}{subsection.3.5.3}
\BOOKMARK [3][-]{subsubsection.3.5.3.8}{\376\377\000p\000o\000r\000t\000\137\000c\000o\000n\000t\000r\000o\000l}{subsection.3.5.3}
\BOOKMARK [3][-]{subsubsection.3.5.3.9}{\376\377\000r\000e\000a\000d\000\137\000c\000o\000n\000f\000i\000g\000\137\000f\000i\000l\000e}{subsection.3.5.3}
\BOOKMARK [3][-]{subsubsection.3.5.3.10}{\376\377\000b\000l\000o\000c\000k\000\137\000m\000a\000p}{subsection.3.5.3}
\BOOKMARK [3][-]{subsubsection.3.5.3.11}{\376\377\000b\000l\000o\000c\000k\000\137\000u\000n\000m\000a\000p}{subsection.3.5.3}
\BOOKMARK [3][-]{subsubsection.3.5.3.12}{\376\377\000b\000l\000o\000c\000k\000\137\000u\000p\000d\000a\000t\000e}{subsection.3.5.3}
\BOOKMARK [3][-]{subsubsection.3.5.3.13}{\376\377\000b\000l\000o\000c\000k\000\137\000w\000r\000i\000t\000e}{subsection.3.5.3}
\BOOKMARK [3][-]{subsubsection.3.5.3.14}{\376\377\000b\000l\000o\000c\000k\000\137\000w\000a\000i\000t}{subsection.3.5.3}
\BOOKMARK [2][-]{subsection.3.5.4}{\376\377\000D\000o\000c\000u\000m\000e\000n\000t\000a\000z\000i\000o\000n\000e\000\040\000d\000e\000i\000\040\000c\000a\000m\000p\000i}{section.3.5}
\BOOKMARK [3][-]{subsubsection.3.5.4.1}{\376\377\000h\000e\000a\000d}{subsection.3.5.4}
\BOOKMARK [1][-]{section.3.6}{\376\377\000R\000i\000f\000e\000r\000i\000m\000e\000n\000t\000i\000\040\000p\000e\000r\000\040\000l\000a\000\040\000s\000t\000r\000u\000c\000t\000\040\000s\000e\000r\000v\000e\000r\000\137\000l\000i\000s\000t}{chapter.3}
\BOOKMARK [2][-]{subsection.3.6.1}{\376\377\000D\000e\000s\000c\000r\000i\000z\000i\000o\000n\000e\000\040\000d\000e\000t\000t\000a\000g\000l\000i\000a\000t\000a}{section.3.6}
\BOOKMARK [2][-]{subsection.3.6.2}{\376\377\000D\000o\000c\000u\000m\000e\000n\000t\000a\000z\000i\000o\000n\000e\000\040\000d\000e\000i\000\040\000c\000a\000m\000p\000i}{section.3.6}
\BOOKMARK [3][-]{subsubsection.3.6.2.1}{\376\377\000i\000p\000\137\000a\000d\000d}{subsection.3.6.2}
\BOOKMARK [3][-]{subsubsection.3.6.2.2}{\376\377\000p\000o\000r\000t}{subsection.3.6.2}
\BOOKMARK [3][-]{subsubsection.3.6.2.3}{\376\377\000c\000l\000\137\000s\000k}{subsection.3.6.2}
\BOOKMARK [3][-]{subsubsection.3.6.2.4}{\376\377\000c\000o\000n\000n\000e\000c\000t\000e\000d}{subsection.3.6.2}
\BOOKMARK [3][-]{subsubsection.3.6.2.5}{\376\377\000b\000l\000o\000c\000k\000\137\000h\000e\000a\000d}{subsection.3.6.2}
\BOOKMARK [3][-]{subsubsection.3.6.2.6}{\376\377\000s\000u\000c\000c}{subsection.3.6.2}
\BOOKMARK [0][-]{chapter.4}{\376\377\000D\000o\000c\000u\000m\000e\000n\000t\000a\000z\000i\000o\000n\000e\000\040\000d\000e\000i\000\040\000f\000i\000l\000e}{}
\BOOKMARK [1][-]{section.4.1}{\376\377\000R\000i\000f\000e\000r\000i\000m\000e\000n\000t\000i\000\040\000p\000e\000r\000\040\000i\000l\000\040\000f\000i\000l\000e\000\040\000c\000l\000i\000e\000n\000t\000\137\000l\000i\000b\000r\000a\000r\000y\000.\000h}{chapter.4}
\BOOKMARK [2][-]{subsection.4.1.1}{\376\377\000D\000o\000c\000u\000m\000e\000n\000t\000a\000z\000i\000o\000n\000e\000\040\000d\000e\000l\000l\000e\000\040\000d\000e\000f\000i\000n\000i\000z\000i\000o\000n\000i}{section.4.1}
\BOOKMARK [3][-]{subsubsection.4.1.1.1}{\376\377\000B\000A\000C\000K\000L\000O\000G}{subsection.4.1.1}
\BOOKMARK [3][-]{subsubsection.4.1.1.2}{\376\377\000M\000A\000X\000\137\000L\000I\000N\000E\000\137\000L\000E\000N}{subsection.4.1.1}
\BOOKMARK [3][-]{subsubsection.4.1.1.3}{\376\377\000D\000I\000M\000B\000L\000O\000C\000K}{subsection.4.1.1}
\BOOKMARK [1][-]{section.4.2}{\376\377\000R\000i\000f\000e\000r\000i\000m\000e\000n\000t\000i\000\040\000p\000e\000r\000\040\000i\000l\000\040\000f\000i\000l\000e\000\040\000s\000e\000r\000v\000e\000r\000.\000h}{chapter.4}
\BOOKMARK [2][-]{subsection.4.2.1}{\376\377\000D\000o\000c\000u\000m\000e\000n\000t\000a\000z\000i\000o\000n\000e\000\040\000d\000e\000l\000l\000e\000\040\000d\000e\000f\000i\000n\000i\000z\000i\000o\000n\000i}{section.4.2}
\BOOKMARK [3][-]{subsubsection.4.2.1.1}{\376\377\000B\000A\000C\000K\000L\000O\000G}{subsection.4.2.1}
\BOOKMARK [3][-]{subsubsection.4.2.1.2}{\376\377\000M\000A\000X\000\137\000L\000I\000N\000E\000\137\000L\000E\000N}{subsection.4.2.1}
\BOOKMARK [3][-]{subsubsection.4.2.1.3}{\376\377\000D\000I\000M\000B\000L\000O\000C\000K}{subsection.4.2.1}
\BOOKMARK [2][-]{subsection.4.2.2}{\376\377\000D\000o\000c\000u\000m\000e\000n\000t\000a\000z\000i\000o\000n\000e\000\040\000d\000e\000l\000l\000e\000\040\000v\000a\000r\000i\000a\000b\000i\000l\000i}{section.4.2}
\BOOKMARK [3][-]{subsubsection.4.2.2.1}{\376\377\000S\000E\000R\000V\000E\000R\000\137\000I\000P\000\137\000A\000D\000D}{subsection.4.2.2}
\BOOKMARK [3][-]{subsubsection.4.2.2.2}{\376\377\000S\000E\000R\000V\000E\000R\000\137\000P\000O\000R\000T}{subsection.4.2.2}
\BOOKMARK [3][-]{subsubsection.4.2.2.3}{\376\377\000c\000o\000n\000f\000i\000g\000\137\000f\000i\000l\000e\000\137\000p\000a\000t\000h}{subsection.4.2.2}
\BOOKMARK [3][-]{subsubsection.4.2.2.4}{\376\377\000l\000i\000n\000e}{subsection.4.2.2}
\BOOKMARK [3][-]{subsubsection.4.2.2.5}{\376\377\000m\000\137\000a\000c\000c}{subsection.4.2.2}
